<?xml version="1.0" encoding="UTF-8"?>
<!-- Generated by org.testng.reporters.JUnitReportReporter -->
<testsuite skipped="0" hostname="Gowtham-PC" name="com.htc.seleniumacademyPOM.test.CheckOutTest" tests="2" failures="0" timestamp="2021-02-25T14:45:05 IST" time="92.289" errors="0">
  <testcase name="testLoginPage_enterCredantials_shouldLoginSuccessful" time="44.139" classname="com.htc.seleniumacademyPOM.test.CheckOutTest"/>
  <system-out/>
  <testcase name="testLoginPage_enterCredantials_shouldLoginSuccessful" time="48.150" classname="com.htc.seleniumacademyPOM.test.CheckOutTest"/>
  <system-out/>
</testsuite> <!-- com.htc.seleniumacademyPOM.test.CheckOutTest -->
