<?xml version="1.0" encoding="UTF-8"?>
<!-- Generated by org.testng.reporters.JUnitReportReporter -->
<testsuite skipped="2" hostname="Gowtham-PC" name="com.htc.seleniumacademyPOM.test.RegistrationPageTest" tests="3" failures="0" timestamp="2021-02-18T14:49:41 IST" time="27.642" errors="0">
  <testcase name="testBrowserStackSignin_InValidloginCredential_ShouldErrorInSigninPage" time="27.642" classname="com.htc.seleniumacademyPOM.test.RegistrationPageTest"/>
  <system-out/>
  <testcase name="testCreateAccount_fillDetails_ShouldCreateNewAccountsuccessfully" classname="com.htc.seleniumacademyPOM.test.RegistrationPageTest">
    <skipped/>
  </testcase> <!-- testCreateAccount_fillDetails_ShouldCreateNewAccountsuccessfully -->
  <system-out/>
  <testcase name="testLoginPage_enterCredantials_shouldLoginSuccessful" classname="com.htc.seleniumacademyPOM.test.RegistrationPageTest">
    <skipped/>
  </testcase> <!-- testLoginPage_enterCredantials_shouldLoginSuccessful -->
  <system-out/>
</testsuite> <!-- com.htc.seleniumacademyPOM.test.RegistrationPageTest -->
