<?xml version="1.0" encoding="UTF-8"?>
<!-- Generated by org.testng.reporters.JUnitReportReporter -->
<testsuite hostname="DESKTOP-PPF45DV" failures="0" tests="2" name="com.htc.seleniumacademyPOM.test.LoginPageTest" time="0.000" errors="0" timestamp="2021-02-25T10:40:11 IST" skipped="2">
  <testcase classname="com.htc.seleniumacademyPOM.test.LoginPageTest" name="testLoginPage_enterCredantials_shouldLoginSuccessful" time="0.000">
    <skipped/>
  </testcase> <!-- testLoginPage_enterCredantials_shouldLoginSuccessful -->
  <system-out/>
  <testcase classname="com.htc.seleniumacademyPOM.test.LoginPageTest" name="testBrowserStackSignin_InValidloginCredential_ShouldErrorInSigninPage" time="0.000">
    <skipped/>
  </testcase> <!-- testBrowserStackSignin_InValidloginCredential_ShouldErrorInSigninPage -->
  <system-out/>
</testsuite> <!-- com.htc.seleniumacademyPOM.test.LoginPageTest -->
